Linked: (/home/farhan/robocup_ws/devel/.private/obj_detection/include/obj_detection/quadrant.h, /home/farhan/robocup_ws/devel/include/obj_detection/quadrant.h)
Linked: (/home/farhan/robocup_ws/devel/.private/obj_detection/lib/obj_detection/point_detection.py, /home/farhan/robocup_ws/devel/lib/obj_detection/point_detection.py)
Linked: (/home/farhan/robocup_ws/devel/.private/obj_detection/lib/obj_detection/cmake.lock, /home/farhan/robocup_ws/devel/lib/obj_detection/cmake.lock)
Linked: (/home/farhan/robocup_ws/devel/.private/obj_detection/lib/obj_detection/head_move.py, /home/farhan/robocup_ws/devel/lib/obj_detection/head_move.py)
Linked: (/home/farhan/robocup_ws/devel/.private/obj_detection/lib/python3/dist-packages/obj_detection/__init__.py, /home/farhan/robocup_ws/devel/lib/python3/dist-packages/obj_detection/__init__.py)
Linked: (/home/farhan/robocup_ws/devel/.private/obj_detection/lib/python3/dist-packages/obj_detection/msg/__init__.py, /home/farhan/robocup_ws/devel/lib/python3/dist-packages/obj_detection/msg/__init__.py)
Linked: (/home/farhan/robocup_ws/devel/.private/obj_detection/lib/python3/dist-packages/obj_detection/msg/_quadrant.py, /home/farhan/robocup_ws/devel/lib/python3/dist-packages/obj_detection/msg/_quadrant.py)
Linked: (/home/farhan/robocup_ws/devel/.private/obj_detection/lib/pkgconfig/obj_detection.pc, /home/farhan/robocup_ws/devel/lib/pkgconfig/obj_detection.pc)
Linked: (/home/farhan/robocup_ws/devel/.private/obj_detection/share/roseus/ros/obj_detection/manifest.l, /home/farhan/robocup_ws/devel/share/roseus/ros/obj_detection/manifest.l)
Linked: (/home/farhan/robocup_ws/devel/.private/obj_detection/share/roseus/ros/obj_detection/msg/quadrant.l, /home/farhan/robocup_ws/devel/share/roseus/ros/obj_detection/msg/quadrant.l)
Linked: (/home/farhan/robocup_ws/devel/.private/obj_detection/share/obj_detection/cmake/obj_detection-msg-extras.cmake, /home/farhan/robocup_ws/devel/share/obj_detection/cmake/obj_detection-msg-extras.cmake)
Linked: (/home/farhan/robocup_ws/devel/.private/obj_detection/share/obj_detection/cmake/obj_detectionConfig.cmake, /home/farhan/robocup_ws/devel/share/obj_detection/cmake/obj_detectionConfig.cmake)
Linked: (/home/farhan/robocup_ws/devel/.private/obj_detection/share/obj_detection/cmake/obj_detection-msg-paths.cmake, /home/farhan/robocup_ws/devel/share/obj_detection/cmake/obj_detection-msg-paths.cmake)
Linked: (/home/farhan/robocup_ws/devel/.private/obj_detection/share/obj_detection/cmake/obj_detectionConfig-version.cmake, /home/farhan/robocup_ws/devel/share/obj_detection/cmake/obj_detectionConfig-version.cmake)
Linked: (/home/farhan/robocup_ws/devel/.private/obj_detection/share/common-lisp/ros/obj_detection/msg/_package_quadrant.lisp, /home/farhan/robocup_ws/devel/share/common-lisp/ros/obj_detection/msg/_package_quadrant.lisp)
Linked: (/home/farhan/robocup_ws/devel/.private/obj_detection/share/common-lisp/ros/obj_detection/msg/quadrant.lisp, /home/farhan/robocup_ws/devel/share/common-lisp/ros/obj_detection/msg/quadrant.lisp)
Linked: (/home/farhan/robocup_ws/devel/.private/obj_detection/share/common-lisp/ros/obj_detection/msg/_package.lisp, /home/farhan/robocup_ws/devel/share/common-lisp/ros/obj_detection/msg/_package.lisp)
Linked: (/home/farhan/robocup_ws/devel/.private/obj_detection/share/common-lisp/ros/obj_detection/msg/obj_detection-msg.asd, /home/farhan/robocup_ws/devel/share/common-lisp/ros/obj_detection/msg/obj_detection-msg.asd)
Linked: (/home/farhan/robocup_ws/devel/.private/obj_detection/share/gennodejs/ros/obj_detection/_index.js, /home/farhan/robocup_ws/devel/share/gennodejs/ros/obj_detection/_index.js)
Linked: (/home/farhan/robocup_ws/devel/.private/obj_detection/share/gennodejs/ros/obj_detection/msg/_index.js, /home/farhan/robocup_ws/devel/share/gennodejs/ros/obj_detection/msg/_index.js)
Linked: (/home/farhan/robocup_ws/devel/.private/obj_detection/share/gennodejs/ros/obj_detection/msg/quadrant.js, /home/farhan/robocup_ws/devel/share/gennodejs/ros/obj_detection/msg/quadrant.js)
