Symlinking /home/farhan/robocup_ws/devel/include/obj_detection/quadrant.h
Symlinking /home/farhan/robocup_ws/devel/lib/obj_detection/point_detection.py
Symlinking /home/farhan/robocup_ws/devel/lib/obj_detection/cmake.lock
Symlinking /home/farhan/robocup_ws/devel/lib/obj_detection/head_move.py
Symlinking /home/farhan/robocup_ws/devel/lib/python3/dist-packages/obj_detection/__init__.py
Symlinking /home/farhan/robocup_ws/devel/lib/python3/dist-packages/obj_detection/msg/__init__.py
Symlinking /home/farhan/robocup_ws/devel/lib/python3/dist-packages/obj_detection/msg/_quadrant.py
Symlinking /home/farhan/robocup_ws/devel/lib/pkgconfig/obj_detection.pc
Symlinking /home/farhan/robocup_ws/devel/share/roseus/ros/obj_detection/manifest.l
Symlinking /home/farhan/robocup_ws/devel/share/roseus/ros/obj_detection/msg/quadrant.l
Symlinking /home/farhan/robocup_ws/devel/share/obj_detection/cmake/obj_detection-msg-extras.cmake
Symlinking /home/farhan/robocup_ws/devel/share/obj_detection/cmake/obj_detectionConfig.cmake
Symlinking /home/farhan/robocup_ws/devel/share/obj_detection/cmake/obj_detection-msg-paths.cmake
Symlinking /home/farhan/robocup_ws/devel/share/obj_detection/cmake/obj_detectionConfig-version.cmake
Symlinking /home/farhan/robocup_ws/devel/share/common-lisp/ros/obj_detection/msg/_package_quadrant.lisp
Symlinking /home/farhan/robocup_ws/devel/share/common-lisp/ros/obj_detection/msg/quadrant.lisp
Symlinking /home/farhan/robocup_ws/devel/share/common-lisp/ros/obj_detection/msg/_package.lisp
Symlinking /home/farhan/robocup_ws/devel/share/common-lisp/ros/obj_detection/msg/obj_detection-msg.asd
Symlinking /home/farhan/robocup_ws/devel/share/gennodejs/ros/obj_detection/_index.js
Symlinking /home/farhan/robocup_ws/devel/share/gennodejs/ros/obj_detection/msg/_index.js
Symlinking /home/farhan/robocup_ws/devel/share/gennodejs/ros/obj_detection/msg/quadrant.js
