CMake Warning (dev) at CMakeLists.txt:2 (project):
  Policy CMP0048 is not set: project() command manages VERSION variables.
  Run "cmake --help-policy CMP0048" for policy details.  Use the cmake_policy
  command to set the policy and suppress this warning.

  The following variable(s) would be set to empty:

    CMAKE_PROJECT_VERSION
    CMAKE_PROJECT_VERSION_MAJOR
    CMAKE_PROJECT_VERSION_MINOR
    CMAKE_PROJECT_VERSION_PATCH
This warning is for project developers.  Use -Wno-dev to suppress it.

[36m--[0m Using CATKIN_DEVEL_PREFIX: /home/farhan/robocup_ws/devel/.private/hsrb_moveit_config
[36m--[0m Using CMAKE_PREFIX_PATH: /home/farhan/robocup_ws/devel;/opt/ros/noetic
[36m--[0m This workspace overlays: /home/farhan/robocup_ws/devel;/opt/ros/noetic
[36m--[0m Found PythonInterp: /usr/bin/python3 (found suitable version "3.8.10", minimum required is "3")
[36m--[0m Using PYTHON_EXECUTABLE: /usr/bin/python3
[36m--[0m Using Debian Python package layout
[36m--[0m Using empy: /usr/lib/python3/dist-packages/em.py
[36m--[0m Using CATKIN_ENABLE_TESTING: ON
[36m--[0m Call enable_testing()
[36m--[0m Using CATKIN_TEST_RESULTS_DIR: /home/farhan/robocup_ws/build/hsrb_moveit_config/test_results
[36m--[0m Forcing gtest/gmock from source, though one was otherwise available.
[36m--[0m Found gtest sources under '/usr/src/googletest': gtests will be built
[36m--[0m Found gmock sources under '/usr/src/googletest': gmock will be built
[36m--[0m Found PythonInterp: /usr/bin/python3 (found version "3.8.10")
[36m--[0m Using Python nosetests: /usr/bin/nosetests3
[36m--[0m catkin 0.8.10
[36m--[0m BUILD_SHARED_LIBS is on
[36m--[0m Installing devel-space wrapper /home/farhan/robocup_ws/src/hsrb_moveit_config/scripts/moveit_attached_object_demo.py to /home/farhan/robocup_ws/devel/.private/hsrb_moveit_config/lib/hsrb_moveit_config
[36m--[0m Installing devel-space wrapper /home/farhan/robocup_ws/src/hsrb_moveit_config/scripts/moveit_cartesian_demo.py to /home/farhan/robocup_ws/devel/.private/hsrb_moveit_config/lib/hsrb_moveit_config
[36m--[0m Installing devel-space wrapper /home/farhan/robocup_ws/src/hsrb_moveit_config/scripts/moveit_constraints_demo.py to /home/farhan/robocup_ws/devel/.private/hsrb_moveit_config/lib/hsrb_moveit_config
[36m--[0m Installing devel-space wrapper /home/farhan/robocup_ws/src/hsrb_moveit_config/scripts/moveit_fk_demo.py to /home/farhan/robocup_ws/devel/.private/hsrb_moveit_config/lib/hsrb_moveit_config
[36m--[0m Installing devel-space wrapper /home/farhan/robocup_ws/src/hsrb_moveit_config/scripts/moveit_gripper_demo.py to /home/farhan/robocup_ws/devel/.private/hsrb_moveit_config/lib/hsrb_moveit_config
[36m--[0m Installing devel-space wrapper /home/farhan/robocup_ws/src/hsrb_moveit_config/scripts/moveit_ik_demo.py to /home/farhan/robocup_ws/devel/.private/hsrb_moveit_config/lib/hsrb_moveit_config
[36m--[0m Installing devel-space wrapper /home/farhan/robocup_ws/src/hsrb_moveit_config/scripts/moveit_obstacles_demo.py to /home/farhan/robocup_ws/devel/.private/hsrb_moveit_config/lib/hsrb_moveit_config
[36m--[0m Installing devel-space wrapper /home/farhan/robocup_ws/src/hsrb_moveit_config/scripts/moveit_pick_and_place_demo.py to /home/farhan/robocup_ws/devel/.private/hsrb_moveit_config/lib/hsrb_moveit_config
[36m--[0m Installing devel-space wrapper /home/farhan/robocup_ws/src/hsrb_moveit_config/scripts/moveit_speed_demo.py to /home/farhan/robocup_ws/devel/.private/hsrb_moveit_config/lib/hsrb_moveit_config
[36m--[0m Installing devel-space wrapper /home/farhan/robocup_ws/src/hsrb_moveit_config/scripts/hsrb_bottle_grasp.py to /home/farhan/robocup_ws/devel/.private/hsrb_moveit_config/lib/hsrb_moveit_config
[36m--[0m Configuring done
[36m--[0m Generating done
[36m--[0m Build files have been written to: /home/farhan/robocup_ws/build/hsrb_moveit_config
